Frequency|High density polyethylene
Dielectric|High density polyethylene
Resolution|High density polyethylene
libraries|High density polyethylene
VHF|High density polyethylene
Electron|High density polyethylene
foam|High density polyethylene
SNDM|High density polyethylene
Tunneling|High density polyethylene
Vacuum|High density polyethylene
Microscope|High density polyethylene
Resonance|High density polyethylene
Microscopy|High density polyethylene
Energy|High density polyethylene
tank|High density polyethylene
SWCNT|High density polyethylene
Very|High density polyethylene
Power|High density polyethylene
Polymer|High density polyethylene
Tg|High density polyethylene
SOG|High density polyethylene
polyurethane|High density polyethylene
Temperature|High density polyethylene
supramolecular|High density polyethylene
culture|High density polyethylene
conductivities|High density polyethylene
Electric|High density polyethylene
hybrids|High density polyethylene
SBT|High density polyethylene
OLEDs|High density polyethylene
photo|High density polyethylene
Scanning|High density polyethylene
V.|High density polyethylene
RF|High density polyethylene
Low|High density polyethylene
PDLC|High density polyethylene
Atomic|High density polyethylene
anode|High density polyethylene
Transmission|High density polyethylene
Density|High density polyethylene
Vacuum|High impact polystyrene
SOG|High impact polystyrene
Energy|High impact polystyrene
VHF|High impact polystyrene
ø|High impact polystyrene
inhibition|High impact polystyrene
Tunneling|High impact polystyrene
erosion|High impact polystyrene
jets|High impact polystyrene
emissions|High impact polystyrene
Sandia|High impact polystyrene
breakdown|High impact polystyrene
photovoltage|High impact polystyrene
Use|High impact polystyrene
attack|High impact polystyrene
Cyclotron|High impact polystyrene
etch|High impact polystyrene
chemicals|High impact polystyrene
curing|High impact polystyrene
Kelvin|High impact polystyrene
V.|High impact polystyrene
deterioration|High impact polystyrene
culture|High impact polystyrene
Isolation|High impact polystyrene
U.S.|High impact polystyrene
Microscope|High impact polystyrene
Frequency|High impact polystyrene
Tg|High impact polystyrene
Resonance|High impact polystyrene
Reflection|High impact polystyrene
PS|High impact polystyrene
Electron|High impact polystyrene
polypropylene|High impact polystyrene
Scanning|High impact polystyrene
Resolution|High impact polystyrene
plasma|High impact polystyrene
Atomic|High impact polystyrene
voltages|High impact polystyrene
cure|High impact polystyrene
probabilities|High impact polystyrene
®|Nafion
ethylene|Nafion
Calcium|Nafion
Incorporation|Nafion
PTFE|Nafion
resins|Nafion
propylene|Nafion
acid|Nafion
Porous|Nafion
filaments|Nafion
nanocomposite|Nafion
ether|Nafion
glycol|Nafion
resin|Nafion
PANI|Nafion
polyester|Nafion
composite|Nafion
biomaterial|Nafion
KOH|Nafion
calcium|Nafion
pH.|Nafion
monomer|Nafion
PMMA|Nafion
phosphate|Nafion
agent|Nafion
alcohol|Nafion
culture|Nafion
conducting|Nafion
ambient|Nafion
replacement|Nafion
SWCNT|Nafion
pyrrole|Nafion
Polymer|Nafion
vitro|Nafion
graft|Nafion
metallic|Nafion
Luminescent|Nafion
containing|Nafion
act|Nafion
poly|Nafion
polymethylmethacrylate|PMMA
methacrylate|PMMA
ether|PMMA
shot|PMMA
glycol|PMMA
droplets|PMMA
resist|PMMA
phthalocyanine|PMMA
polymerisation|PMMA
refractive|PMMA
PPTA|PMMA
TEOS|PMMA
copolymer|PMMA
microspheres|PMMA
poling|PMMA
methyl|PMMA
metallic|PMMA
ArF|PMMA
pyrrole|PMMA
toluene|PMMA
indices|PMMA
aggregate|PMMA
ethylene|PMMA
index|PMMA
Nafion|PMMA
monomer|PMMA
Incorporation|PMMA
polymer|PMMA
beads|PMMA
poly|PMMA
spacer|PMMA
sols|PMMA
laminates|PMMA
PET|PMMA
polyethylene|PMMA
PbO|PMMA
polyimide|PMMA
mJ/cm2|PMMA
oil|PMMA
silanes|PMMA
Photoluminescence|PS
PL|PS
PLE|PS
photoluminescence|PS
Tg|PS
porous|PS
luminescence|PS
polystyrene|PS
QDs|PS
excitons|PS
accord|PS
spectrum|PS
Er3|PS
dependences|PS
nanocrystals|PS
excitation|PS
electroluminescence|PS
Enhanced|PS
exciton|PS
emission|PS
bands|PS
xGex|PS
radius|PS
intensity|PS
Room|PS
resonator|PS
transparency|PS
Emission|PS
emitting|PS
spectra|PS
luminescent|PS
macroporous|PS
quantum|PS
excitations|PS
ms|PS
EL|PS
Ce|PS
Emitting|PS
shift|PS
splitting|PS
kV|PTFE
fluorocarbon|PTFE
Nafion|PTFE
550|PTFE
ESCA|PTFE
ArF|PTFE
Teflon|PTFE
PP|PTFE
Calcium|PTFE
excimer|PTFE
Mass|PTFE
arrival|PTFE
FT-IR|PTFE
C.|PTFE
1000|PTFE
polypropylene|PTFE
resin|PTFE
post|PTFE
foil|PTFE
ions/cm2|PTFE
Spectrometry|PTFE
methane|PTFE
polyimide|PTFE
®|PTFE
adhesion|PTFE
Multilayer|PTFE
pentoxide|PTFE
Films|PTFE
Heat|PTFE
shot|PTFE
months|PTFE
Ni-P|PTFE
PET|PTFE
hours|PTFE
angle|PTFE
Excimer|PTFE
hour|PTFE
350|PTFE
XPS|PTFE
KOH|PTFE
adducts|DNA
functionalization|DNA
CNTs|DNA
biomolecules|DNA
SWCNT|DNA
biosensors|DNA
attempts|DNA
sensing|DNA
protein|DNA
biomaterial|DNA
biomaterials|DNA
assembly|DNA
micro|DNA
SWNTs|DNA
CNT|DNA
graphene|DNA
fabricated|DNA
FET|DNA
communication|DNA
lipid|DNA
architecture|DNA
fullerene|DNA
platforms|DNA
placement|DNA
functionalities|DNA
nanotubes|DNA
following|DNA
delivery|DNA
nanotube|DNA
flexibility|DNA
Functional|DNA
strategy|DNA
manipulation|DNA
Ab|DNA
dendrimers|DNA
hosts|DNA
medicine|DNA
ethylene|DNA
rules|DNA
Theory|DNA
